================
zunhebotto
zuniya
zunzurwad
zura
zurhama
zurkheda
zutlibari
zuvvaladinne
zuvvaleru
zuvvigunta
================
zawar mines
zeera basti
zilla parishad
zillla parishad
zinc smelter
zinzavadar nana
zoo road
zote .e.
zote .s.
zugu khyran
================
y s r puram
yambem laxmi bazar
yamuna nagar railway station
yavat r s
ycm open univesity
yelahanka satellite town
yeola kutcheri road
zilla adalitha bhavan
zinc smelter p
zinza vadar mota
================
y s
yambem laxmi
yamuna nagar
yavat r
ycm open
yelahanka satellite
yeola kutcheri
zilla adalitha
zinc smelter
zinza vadar
================
